cl : command line warning D9035: option 'Gm' has been deprecated and will be removed in a future release
  Texture.cpp
  SceneManager.cpp
F:\TrainingFramework_VS2013\TrainingFramework\SceneManager.cpp(6,10): warning C4067: unexpected tokens following preprocessor directive - expected a newline
F:\TrainingFramework_VS2013\TrainingFramework\SceneManager.cpp(22,2): warning C4996: 'fscanf': This function or variable may be unsafe. Consider using fscanf_s instead. To disable deprecation, use _CRT_SECURE_NO_WARNINGS. See online help for details.
F:\TrainingFramework_VS2013\TrainingFramework\SceneManager.cpp(34,4): warning C4996: 'fscanf': This function or variable may be unsafe. Consider using fscanf_s instead. To disable deprecation, use _CRT_SECURE_NO_WARNINGS. See online help for details.
F:\TrainingFramework_VS2013\TrainingFramework\SceneManager.cpp(35,4): warning C4996: 'fscanf': This function or variable may be unsafe. Consider using fscanf_s instead. To disable deprecation, use _CRT_SECURE_NO_WARNINGS. See online help for details.
F:\TrainingFramework_VS2013\TrainingFramework\SceneManager.cpp(36,4): warning C4996: 'fscanf': This function or variable may be unsafe. Consider using fscanf_s instead. To disable deprecation, use _CRT_SECURE_NO_WARNINGS. See online help for details.
F:\TrainingFramework_VS2013\TrainingFramework\SceneManager.cpp(37,4): warning C4996: 'fscanf': This function or variable may be unsafe. Consider using fscanf_s instead. To disable deprecation, use _CRT_SECURE_NO_WARNINGS. See online help for details.
F:\TrainingFramework_VS2013\TrainingFramework\SceneManager.cpp(38,4): warning C4996: 'fscanf': This function or variable may be unsafe. Consider using fscanf_s instead. To disable deprecation, use _CRT_SECURE_NO_WARNINGS. See online help for details.
F:\TrainingFramework_VS2013\TrainingFramework\SceneManager.cpp(39,4): warning C4996: 'fscanf': This function or variable may be unsafe. Consider using fscanf_s instead. To disable deprecation, use _CRT_SECURE_NO_WARNINGS. See online help for details.
F:\TrainingFramework_VS2013\TrainingFramework\SceneManager.cpp(40,4): warning C4996: 'fscanf': This function or variable may be unsafe. Consider using fscanf_s instead. To disable deprecation, use _CRT_SECURE_NO_WARNINGS. See online help for details.
F:\TrainingFramework_VS2013\TrainingFramework\SceneManager.cpp(41,4): warning C4996: 'fscanf': This function or variable may be unsafe. Consider using fscanf_s instead. To disable deprecation, use _CRT_SECURE_NO_WARNINGS. See online help for details.
F:\TrainingFramework_VS2013\TrainingFramework\SceneManager.cpp(42,4): warning C4996: 'fscanf': This function or variable may be unsafe. Consider using fscanf_s instead. To disable deprecation, use _CRT_SECURE_NO_WARNINGS. See online help for details.
F:\TrainingFramework_VS2013\TrainingFramework\SceneManager.cpp(43,4): warning C4996: 'fscanf': This function or variable may be unsafe. Consider using fscanf_s instead. To disable deprecation, use _CRT_SECURE_NO_WARNINGS. See online help for details.
F:\TrainingFramework_VS2013\TrainingFramework\SceneManager.cpp(51,2): warning C4996: 'fscanf': This function or variable may be unsafe. Consider using fscanf_s instead. To disable deprecation, use _CRT_SECURE_NO_WARNINGS. See online help for details.
F:\TrainingFramework_VS2013\TrainingFramework\SceneManager.cpp(62,4): warning C4996: 'fscanf': This function or variable may be unsafe. Consider using fscanf_s instead. To disable deprecation, use _CRT_SECURE_NO_WARNINGS. See online help for details.
F:\TrainingFramework_VS2013\TrainingFramework\SceneManager.cpp(63,4): warning C4996: 'fscanf': This function or variable may be unsafe. Consider using fscanf_s instead. To disable deprecation, use _CRT_SECURE_NO_WARNINGS. See online help for details.
F:\TrainingFramework_VS2013\TrainingFramework\SceneManager.cpp(64,4): warning C4996: 'fscanf': This function or variable may be unsafe. Consider using fscanf_s instead. To disable deprecation, use _CRT_SECURE_NO_WARNINGS. See online help for details.
F:\TrainingFramework_VS2013\TrainingFramework\SceneManager.cpp(65,4): warning C4996: 'fscanf': This function or variable may be unsafe. Consider using fscanf_s instead. To disable deprecation, use _CRT_SECURE_NO_WARNINGS. See online help for details.
F:\TrainingFramework_VS2013\TrainingFramework\SceneManager.cpp(66,4): warning C4996: 'fscanf': This function or variable may be unsafe. Consider using fscanf_s instead. To disable deprecation, use _CRT_SECURE_NO_WARNINGS. See online help for details.
F:\TrainingFramework_VS2013\TrainingFramework\SceneManager.cpp(75,2): warning C4996: 'fscanf': This function or variable may be unsafe. Consider using fscanf_s instead. To disable deprecation, use _CRT_SECURE_NO_WARNINGS. See online help for details.
F:\TrainingFramework_VS2013\TrainingFramework\SceneManager.cpp(82,3): warning C4996: 'fscanf': This function or variable may be unsafe. Consider using fscanf_s instead. To disable deprecation, use _CRT_SECURE_NO_WARNINGS. See online help for details.
F:\TrainingFramework_VS2013\TrainingFramework\SceneManager.cpp(87,4): warning C4996: 'fscanf': This function or variable may be unsafe. Consider using fscanf_s instead. To disable deprecation, use _CRT_SECURE_NO_WARNINGS. See online help for details.
F:\TrainingFramework_VS2013\TrainingFramework\SceneManager.cpp(90,4): warning C4996: 'fscanf': This function or variable may be unsafe. Consider using fscanf_s instead. To disable deprecation, use _CRT_SECURE_NO_WARNINGS. See online help for details.
F:\TrainingFramework_VS2013\TrainingFramework\SceneManager.cpp(94,5): warning C4996: 'fscanf': This function or variable may be unsafe. Consider using fscanf_s instead. To disable deprecation, use _CRT_SECURE_NO_WARNINGS. See online help for details.
F:\TrainingFramework_VS2013\TrainingFramework\SceneManager.cpp(98,4): warning C4996: 'fscanf': This function or variable may be unsafe. Consider using fscanf_s instead. To disable deprecation, use _CRT_SECURE_NO_WARNINGS. See online help for details.
F:\TrainingFramework_VS2013\TrainingFramework\SceneManager.cpp(102,5): warning C4996: 'fscanf': This function or variable may be unsafe. Consider using fscanf_s instead. To disable deprecation, use _CRT_SECURE_NO_WARNINGS. See online help for details.
F:\TrainingFramework_VS2013\TrainingFramework\SceneManager.cpp(106,4): warning C4996: 'fscanf': This function or variable may be unsafe. Consider using fscanf_s instead. To disable deprecation, use _CRT_SECURE_NO_WARNINGS. See online help for details.
F:\TrainingFramework_VS2013\TrainingFramework\SceneManager.cpp(110,4): warning C4996: 'fscanf': This function or variable may be unsafe. Consider using fscanf_s instead. To disable deprecation, use _CRT_SECURE_NO_WARNINGS. See online help for details.
F:\TrainingFramework_VS2013\TrainingFramework\SceneManager.cpp(115,5): warning C4996: 'fscanf': This function or variable may be unsafe. Consider using fscanf_s instead. To disable deprecation, use _CRT_SECURE_NO_WARNINGS. See online help for details.
F:\TrainingFramework_VS2013\TrainingFramework\SceneManager.cpp(118,4): warning C4996: 'fscanf': This function or variable may be unsafe. Consider using fscanf_s instead. To disable deprecation, use _CRT_SECURE_NO_WARNINGS. See online help for details.
F:\TrainingFramework_VS2013\TrainingFramework\SceneManager.cpp(120,4): warning C4996: 'fscanf': This function or variable may be unsafe. Consider using fscanf_s instead. To disable deprecation, use _CRT_SECURE_NO_WARNINGS. See online help for details.
F:\TrainingFramework_VS2013\TrainingFramework\SceneManager.cpp(122,4): warning C4996: 'fscanf': This function or variable may be unsafe. Consider using fscanf_s instead. To disable deprecation, use _CRT_SECURE_NO_WARNINGS. See online help for details.
F:\TrainingFramework_VS2013\TrainingFramework\SceneManager.cpp(124,4): warning C4996: 'fscanf': This function or variable may be unsafe. Consider using fscanf_s instead. To disable deprecation, use _CRT_SECURE_NO_WARNINGS. See online help for details.
F:\TrainingFramework_VS2013\TrainingFramework\SceneManager.cpp(126,4): warning C4996: 'fscanf': This function or variable may be unsafe. Consider using fscanf_s instead. To disable deprecation, use _CRT_SECURE_NO_WARNINGS. See online help for details.
F:\TrainingFramework_VS2013\TrainingFramework\SceneManager.cpp(128,4): warning C4996: 'fscanf': This function or variable may be unsafe. Consider using fscanf_s instead. To disable deprecation, use _CRT_SECURE_NO_WARNINGS. See online help for details.
F:\TrainingFramework_VS2013\TrainingFramework\SceneManager.cpp(130,4): warning C4996: 'fscanf': This function or variable may be unsafe. Consider using fscanf_s instead. To disable deprecation, use _CRT_SECURE_NO_WARNINGS. See online help for details.
F:\TrainingFramework_VS2013\TrainingFramework\SceneManager.cpp(132,4): warning C4996: 'fscanf': This function or variable may be unsafe. Consider using fscanf_s instead. To disable deprecation, use _CRT_SECURE_NO_WARNINGS. See online help for details.
F:\TrainingFramework_VS2013\TrainingFramework\SceneManager.cpp(142,4): warning C4996: 'fscanf': This function or variable may be unsafe. Consider using fscanf_s instead. To disable deprecation, use _CRT_SECURE_NO_WARNINGS. See online help for details.
F:\TrainingFramework_VS2013\TrainingFramework\SceneManager.cpp(145,4): warning C4996: 'fscanf': This function or variable may be unsafe. Consider using fscanf_s instead. To disable deprecation, use _CRT_SECURE_NO_WARNINGS. See online help for details.
F:\TrainingFramework_VS2013\TrainingFramework\SceneManager.cpp(149,5): warning C4996: 'fscanf': This function or variable may be unsafe. Consider using fscanf_s instead. To disable deprecation, use _CRT_SECURE_NO_WARNINGS. See online help for details.
F:\TrainingFramework_VS2013\TrainingFramework\SceneManager.cpp(153,4): warning C4996: 'fscanf': This function or variable may be unsafe. Consider using fscanf_s instead. To disable deprecation, use _CRT_SECURE_NO_WARNINGS. See online help for details.
F:\TrainingFramework_VS2013\TrainingFramework\SceneManager.cpp(157,5): warning C4996: 'fscanf': This function or variable may be unsafe. Consider using fscanf_s instead. To disable deprecation, use _CRT_SECURE_NO_WARNINGS. See online help for details.
F:\TrainingFramework_VS2013\TrainingFramework\SceneManager.cpp(161,4): warning C4996: 'fscanf': This function or variable may be unsafe. Consider using fscanf_s instead. To disable deprecation, use _CRT_SECURE_NO_WARNINGS. See online help for details.
F:\TrainingFramework_VS2013\TrainingFramework\SceneManager.cpp(165,4): warning C4996: 'fscanf': This function or variable may be unsafe. Consider using fscanf_s instead. To disable deprecation, use _CRT_SECURE_NO_WARNINGS. See online help for details.
F:\TrainingFramework_VS2013\TrainingFramework\SceneManager.cpp(170,5): warning C4996: 'fscanf': This function or variable may be unsafe. Consider using fscanf_s instead. To disable deprecation, use _CRT_SECURE_NO_WARNINGS. See online help for details.
F:\TrainingFramework_VS2013\TrainingFramework\SceneManager.cpp(173,4): warning C4996: 'fscanf': This function or variable may be unsafe. Consider using fscanf_s instead. To disable deprecation, use _CRT_SECURE_NO_WARNINGS. See online help for details.
F:\TrainingFramework_VS2013\TrainingFramework\SceneManager.cpp(175,4): warning C4996: 'fscanf': This function or variable may be unsafe. Consider using fscanf_s instead. To disable deprecation, use _CRT_SECURE_NO_WARNINGS. See online help for details.
F:\TrainingFramework_VS2013\TrainingFramework\SceneManager.cpp(177,4): warning C4996: 'fscanf': This function or variable may be unsafe. Consider using fscanf_s instead. To disable deprecation, use _CRT_SECURE_NO_WARNINGS. See online help for details.
F:\TrainingFramework_VS2013\TrainingFramework\SceneManager.cpp(178,4): warning C4996: 'fscanf': This function or variable may be unsafe. Consider using fscanf_s instead. To disable deprecation, use _CRT_SECURE_NO_WARNINGS. See online help for details.
F:\TrainingFramework_VS2013\TrainingFramework\SceneManager.cpp(179,4): warning C4996: 'fscanf': This function or variable may be unsafe. Consider using fscanf_s instead. To disable deprecation, use _CRT_SECURE_NO_WARNINGS. See online help for details.
F:\TrainingFramework_VS2013\TrainingFramework\SceneManager.cpp(183,4): warning C4996: 'fscanf': This function or variable may be unsafe. Consider using fscanf_s instead. To disable deprecation, use _CRT_SECURE_NO_WARNINGS. See online help for details.
F:\TrainingFramework_VS2013\TrainingFramework\SceneManager.cpp(190,4): warning C4996: 'fscanf': This function or variable may be unsafe. Consider using fscanf_s instead. To disable deprecation, use _CRT_SECURE_NO_WARNINGS. See online help for details.
F:\TrainingFramework_VS2013\TrainingFramework\SceneManager.cpp(193,4): warning C4996: 'fscanf': This function or variable may be unsafe. Consider using fscanf_s instead. To disable deprecation, use _CRT_SECURE_NO_WARNINGS. See online help for details.
F:\TrainingFramework_VS2013\TrainingFramework\SceneManager.cpp(198,5): warning C4996: 'fscanf': This function or variable may be unsafe. Consider using fscanf_s instead. To disable deprecation, use _CRT_SECURE_NO_WARNINGS. See online help for details.
F:\TrainingFramework_VS2013\TrainingFramework\SceneManager.cpp(202,4): warning C4996: 'fscanf': This function or variable may be unsafe. Consider using fscanf_s instead. To disable deprecation, use _CRT_SECURE_NO_WARNINGS. See online help for details.
F:\TrainingFramework_VS2013\TrainingFramework\SceneManager.cpp(206,5): warning C4996: 'fscanf': This function or variable may be unsafe. Consider using fscanf_s instead. To disable deprecation, use _CRT_SECURE_NO_WARNINGS. See online help for details.
F:\TrainingFramework_VS2013\TrainingFramework\SceneManager.cpp(210,4): warning C4996: 'fscanf': This function or variable may be unsafe. Consider using fscanf_s instead. To disable deprecation, use _CRT_SECURE_NO_WARNINGS. See online help for details.
F:\TrainingFramework_VS2013\TrainingFramework\SceneManager.cpp(214,4): warning C4996: 'fscanf': This function or variable may be unsafe. Consider using fscanf_s instead. To disable deprecation, use _CRT_SECURE_NO_WARNINGS. See online help for details.
F:\TrainingFramework_VS2013\TrainingFramework\SceneManager.cpp(219,5): warning C4996: 'fscanf': This function or variable may be unsafe. Consider using fscanf_s instead. To disable deprecation, use _CRT_SECURE_NO_WARNINGS. See online help for details.
F:\TrainingFramework_VS2013\TrainingFramework\SceneManager.cpp(222,4): warning C4996: 'fscanf': This function or variable may be unsafe. Consider using fscanf_s instead. To disable deprecation, use _CRT_SECURE_NO_WARNINGS. See online help for details.
F:\TrainingFramework_VS2013\TrainingFramework\SceneManager.cpp(224,4): warning C4996: 'fscanf': This function or variable may be unsafe. Consider using fscanf_s instead. To disable deprecation, use _CRT_SECURE_NO_WARNINGS. See online help for details.
F:\TrainingFramework_VS2013\TrainingFramework\SceneManager.cpp(226,4): warning C4996: 'fscanf': This function or variable may be unsafe. Consider using fscanf_s instead. To disable deprecation, use _CRT_SECURE_NO_WARNINGS. See online help for details.
F:\TrainingFramework_VS2013\TrainingFramework\SceneManager.cpp(227,4): warning C4996: 'fscanf': This function or variable may be unsafe. Consider using fscanf_s instead. To disable deprecation, use _CRT_SECURE_NO_WARNINGS. See online help for details.
F:\TrainingFramework_VS2013\TrainingFramework\SceneManager.cpp(228,4): warning C4996: 'fscanf': This function or variable may be unsafe. Consider using fscanf_s instead. To disable deprecation, use _CRT_SECURE_NO_WARNINGS. See online help for details.
F:\TrainingFramework_VS2013\TrainingFramework\SceneManager.cpp(232,4): warning C4996: 'fscanf': This function or variable may be unsafe. Consider using fscanf_s instead. To disable deprecation, use _CRT_SECURE_NO_WARNINGS. See online help for details.
F:\TrainingFramework_VS2013\TrainingFramework\SceneManager.cpp(239,4): warning C4996: 'fscanf': This function or variable may be unsafe. Consider using fscanf_s instead. To disable deprecation, use _CRT_SECURE_NO_WARNINGS. See online help for details.
F:\TrainingFramework_VS2013\TrainingFramework\SceneManager.cpp(242,4): warning C4996: 'fscanf': This function or variable may be unsafe. Consider using fscanf_s instead. To disable deprecation, use _CRT_SECURE_NO_WARNINGS. See online help for details.
F:\TrainingFramework_VS2013\TrainingFramework\SceneManager.cpp(247,5): warning C4996: 'fscanf': This function or variable may be unsafe. Consider using fscanf_s instead. To disable deprecation, use _CRT_SECURE_NO_WARNINGS. See online help for details.
F:\TrainingFramework_VS2013\TrainingFramework\SceneManager.cpp(251,4): warning C4996: 'fscanf': This function or variable may be unsafe. Consider using fscanf_s instead. To disable deprecation, use _CRT_SECURE_NO_WARNINGS. See online help for details.
F:\TrainingFramework_VS2013\TrainingFramework\SceneManager.cpp(255,5): warning C4996: 'fscanf': This function or variable may be unsafe. Consider using fscanf_s instead. To disable deprecation, use _CRT_SECURE_NO_WARNINGS. See online help for details.
F:\TrainingFramework_VS2013\TrainingFramework\SceneManager.cpp(259,4): warning C4996: 'fscanf': This function or variable may be unsafe. Consider using fscanf_s instead. To disable deprecation, use _CRT_SECURE_NO_WARNINGS. See online help for details.
F:\TrainingFramework_VS2013\TrainingFramework\SceneManager.cpp(262,4): warning C4996: 'fscanf': This function or variable may be unsafe. Consider using fscanf_s instead. To disable deprecation, use _CRT_SECURE_NO_WARNINGS. See online help for details.
F:\TrainingFramework_VS2013\TrainingFramework\SceneManager.cpp(267,5): warning C4996: 'fscanf': This function or variable may be unsafe. Consider using fscanf_s instead. To disable deprecation, use _CRT_SECURE_NO_WARNINGS. See online help for details.
F:\TrainingFramework_VS2013\TrainingFramework\SceneManager.cpp(270,4): warning C4996: 'fscanf': This function or variable may be unsafe. Consider using fscanf_s instead. To disable deprecation, use _CRT_SECURE_NO_WARNINGS. See online help for details.
F:\TrainingFramework_VS2013\TrainingFramework\SceneManager.cpp(272,4): warning C4996: 'fscanf': This function or variable may be unsafe. Consider using fscanf_s instead. To disable deprecation, use _CRT_SECURE_NO_WARNINGS. See online help for details.
F:\TrainingFramework_VS2013\TrainingFramework\SceneManager.cpp(274,4): warning C4996: 'fscanf': This function or variable may be unsafe. Consider using fscanf_s instead. To disable deprecation, use _CRT_SECURE_NO_WARNINGS. See online help for details.
F:\TrainingFramework_VS2013\TrainingFramework\SceneManager.cpp(276,4): warning C4996: 'fscanf': This function or variable may be unsafe. Consider using fscanf_s instead. To disable deprecation, use _CRT_SECURE_NO_WARNINGS. See online help for details.
F:\TrainingFramework_VS2013\TrainingFramework\SceneManager.cpp(284,15): warning C4996: 'fopen': This function or variable may be unsafe. Consider using fopen_s instead. To disable deprecation, use _CRT_SECURE_NO_WARNINGS. See online help for details.
F:\TrainingFramework_VS2013\TrainingFramework\SceneManager.cpp(309,20): warning C4018: '<': signed/unsigned mismatch
F:\TrainingFramework_VS2013\TrainingFramework\SceneManager.cpp(329,20): warning C4018: '<': signed/unsigned mismatch
  Model.cpp
F:\TrainingFramework_VS2013\Model.cpp(14,2): warning C4996: 'fscanf': This function or variable may be unsafe. Consider using fscanf_s instead. To disable deprecation, use _CRT_SECURE_NO_WARNINGS. See online help for details.
F:\TrainingFramework_VS2013\Model.cpp(27,3): warning C4996: 'fscanf': This function or variable may be unsafe. Consider using fscanf_s instead. To disable deprecation, use _CRT_SECURE_NO_WARNINGS. See online help for details.
F:\TrainingFramework_VS2013\Model.cpp(28,3): warning C4996: 'fscanf': This function or variable may be unsafe. Consider using fscanf_s instead. To disable deprecation, use _CRT_SECURE_NO_WARNINGS. See online help for details.
F:\TrainingFramework_VS2013\Model.cpp(29,3): warning C4996: 'fscanf': This function or variable may be unsafe. Consider using fscanf_s instead. To disable deprecation, use _CRT_SECURE_NO_WARNINGS. See online help for details.
F:\TrainingFramework_VS2013\Model.cpp(30,3): warning C4996: 'fscanf': This function or variable may be unsafe. Consider using fscanf_s instead. To disable deprecation, use _CRT_SECURE_NO_WARNINGS. See online help for details.
F:\TrainingFramework_VS2013\Model.cpp(31,3): warning C4996: 'fscanf': This function or variable may be unsafe. Consider using fscanf_s instead. To disable deprecation, use _CRT_SECURE_NO_WARNINGS. See online help for details.
F:\TrainingFramework_VS2013\Model.cpp(32,3): warning C4996: 'fscanf': This function or variable may be unsafe. Consider using fscanf_s instead. To disable deprecation, use _CRT_SECURE_NO_WARNINGS. See online help for details.
F:\TrainingFramework_VS2013\Model.cpp(46,2): warning C4996: 'fscanf': This function or variable may be unsafe. Consider using fscanf_s instead. To disable deprecation, use _CRT_SECURE_NO_WARNINGS. See online help for details.
F:\TrainingFramework_VS2013\Model.cpp(57,3): warning C4996: 'fscanf': This function or variable may be unsafe. Consider using fscanf_s instead. To disable deprecation, use _CRT_SECURE_NO_WARNINGS. See online help for details.
F:\TrainingFramework_VS2013\Model.cpp(58,3): warning C4996: 'fscanf': This function or variable may be unsafe. Consider using fscanf_s instead. To disable deprecation, use _CRT_SECURE_NO_WARNINGS. See online help for details.
F:\TrainingFramework_VS2013\Model.cpp(90,15): warning C4996: 'fopen': This function or variable may be unsafe. Consider using fopen_s instead. To disable deprecation, use _CRT_SECURE_NO_WARNINGS. See online help for details.
  Generating Code...
F:\TrainingFramework_VS2013\Model.cpp(77): warning C4715: 'Model::InitNFG': not all control paths return a value
  Skipping... (no relevant changes detected)
  TrainingFramework.cpp
  Terrain.cpp
  ResourceManager.cpp
  Object.cpp
  NormalMapping.cpp
  Lighting.cpp
  TrainingFramework.vcxproj -> F:\TrainingFramework_VS2013\BIN\TrainingFramework.exe
